<?xml version="1.0" encoding="utf-8" ?>
<!DOCTYPE html PUBLIC "-//W3C//DTD XHTML 1.0 Strict//EN"
        "http://www.w3.org/TR/xhtml1/DTD/xhtml1-strict.dtd">
<html xmlns="http://www.w3.org/1999/xhtml" xml:lang="" lang="">
<head>
  <title>Test Results Report - POC</title>
  <meta http-equiv="Content-Type" content="text/html;charset=utf-8" />
  <meta name="description" content="TestNG unit test results." />
  <link href="reportng.css" rel="stylesheet" type="text/css" />
    <script type="text/javascript" src="reportng.js"></script>
</head>
<body>
<h1>POC</h1>
<p>
  Test duration: 4189.629s
</p>



  <table class="resultsTable">
    <tr><th colspan="3" class="header failed">Failed Tests</th></tr>
          <tr>
        <td colspan="3" class="group">TestCases.TC01_Login</td>
      </tr>
            
<tr>
  <td class="method">
                  TC01_Login1
      </td>
  <td class="duration">
    110.466s
  </td>
  <td class="result">
        
    
            <div class="testOutput">
                        <a target="_blank" href="17-Mar-2021__12_27_46AM.png">Screenshot link</a>
                                <br>
                                <a target="_blank" href="17-Mar-2021__12_27_46AM.png"><img src="17-Mar-2021__12_27_46AM.png" height=200 width=200></a>
                  </div>
    

        <a href="javascript:toggleElement('exception-0', 'block')" title="Click to expand/collapse"><b>java.lang.AssertionError: Advanced Features not present in Fleet Management </b></a><br />
    <div class="stackTrace" id="exception-0">
              org.testng.Assert.fail(Assert.java:94)<br />
              PageObjects.Homepage.Home_Fleet_Management_Data(Homepage.java:151)<br />
              TestCases.TC01_Login.TC01_Login1(TC01_Login.java:89)<br />
              sun.reflect.NativeMethodAccessorImpl.invoke0(Native Method)<br />
              sun.reflect.NativeMethodAccessorImpl.invoke(NativeMethodAccessorImpl.java:62)<br />
              sun.reflect.DelegatingMethodAccessorImpl.invoke(DelegatingMethodAccessorImpl.java:43)<br />
              java.lang.reflect.Method.invoke(Method.java:498)<br />
              org.testng.internal.MethodInvocationHelper.invokeMethod(MethodInvocationHelper.java:100)<br />
              org.testng.internal.Invoker.invokeMethod(Invoker.java:646)<br />
              org.testng.internal.Invoker.invokeTestMethod(Invoker.java:811)<br />
              org.testng.internal.Invoker.invokeTestMethods(Invoker.java:1137)<br />
              org.testng.internal.TestMethodWorker.invokeTestMethods(TestMethodWorker.java:129)<br />
              org.testng.internal.TestMethodWorker.run(TestMethodWorker.java:112)<br />
              org.testng.TestRunner.privateRun(TestRunner.java:753)<br />
              org.testng.TestRunner.run(TestRunner.java:607)<br />
              org.testng.SuiteRunner.runTest(SuiteRunner.java:368)<br />
              org.testng.SuiteRunner.runSequentially(SuiteRunner.java:363)<br />
              org.testng.SuiteRunner.privateRun(SuiteRunner.java:321)<br />
              org.testng.SuiteRunner.run(SuiteRunner.java:270)<br />
              org.testng.SuiteRunnerWorker.runSuite(SuiteRunnerWorker.java:52)<br />
              org.testng.SuiteRunnerWorker.run(SuiteRunnerWorker.java:86)<br />
              org.testng.TestNG.runSuitesSequentially(TestNG.java:1284)<br />
              org.testng.TestNG.runSuitesLocally(TestNG.java:1209)<br />
              org.testng.TestNG.runSuites(TestNG.java:1124)<br />
              org.testng.TestNG.run(TestNG.java:1096)<br />
              org.testng.remote.AbstractRemoteTestNG.run(AbstractRemoteTestNG.java:132)<br />
              org.testng.remote.RemoteTestNG.initAndRun(RemoteTestNG.java:236)<br />
              org.testng.remote.RemoteTestNG.main(RemoteTestNG.java:81)<br />
                </div>
      </td>
</tr>
          <tr>
        <td colspan="3" class="group">TestCases.TC06_AttributeEnginnering</td>
      </tr>
            
<tr>
  <td class="method">
                  TC06_AttributeEnginnering1
      </td>
  <td class="duration">
    106.414s
  </td>
  <td class="result">
        
    
            <div class="testOutput">
                        <a target="_blank" href="17-Mar-2021__12_43_33AM.png">Screenshot link</a>
                                <br>
                                <a target="_blank" href="17-Mar-2021__12_43_33AM.png"><img src="17-Mar-2021__12_43_33AM.png" height=200 width=200></a>
                  </div>
    

        <a href="javascript:toggleElement('exception-1', 'block')" title="Click to expand/collapse"><b>junit.framework.AssertionFailedError: Error while isElementPresent on element : //div[contains(text(),&apos;Attributes Updated&apos;)]</b></a><br />
    <div class="stackTrace" id="exception-1">
              junit.framework.Assert.fail(Assert.java:47)<br />
              base.BaseTest.isElementPresent(BaseTest.java:411)<br />
              utilities.TestUtil.save_message_validation(TestUtil.java:1056)<br />
              TestCases.TC06_AttributeEnginnering.TC06_AttributeEnginnering1(TC06_AttributeEnginnering.java:104)<br />
              sun.reflect.NativeMethodAccessorImpl.invoke0(Native Method)<br />
              sun.reflect.NativeMethodAccessorImpl.invoke(NativeMethodAccessorImpl.java:62)<br />
              sun.reflect.DelegatingMethodAccessorImpl.invoke(DelegatingMethodAccessorImpl.java:43)<br />
              java.lang.reflect.Method.invoke(Method.java:498)<br />
              org.testng.internal.MethodInvocationHelper.invokeMethod(MethodInvocationHelper.java:100)<br />
              org.testng.internal.Invoker.invokeMethod(Invoker.java:646)<br />
              org.testng.internal.Invoker.invokeTestMethod(Invoker.java:811)<br />
              org.testng.internal.Invoker.invokeTestMethods(Invoker.java:1137)<br />
              org.testng.internal.TestMethodWorker.invokeTestMethods(TestMethodWorker.java:129)<br />
              org.testng.internal.TestMethodWorker.run(TestMethodWorker.java:112)<br />
              org.testng.TestRunner.privateRun(TestRunner.java:753)<br />
              org.testng.TestRunner.run(TestRunner.java:607)<br />
              org.testng.SuiteRunner.runTest(SuiteRunner.java:368)<br />
              org.testng.SuiteRunner.runSequentially(SuiteRunner.java:363)<br />
              org.testng.SuiteRunner.privateRun(SuiteRunner.java:321)<br />
              org.testng.SuiteRunner.run(SuiteRunner.java:270)<br />
              org.testng.SuiteRunnerWorker.runSuite(SuiteRunnerWorker.java:52)<br />
              org.testng.SuiteRunnerWorker.run(SuiteRunnerWorker.java:86)<br />
              org.testng.TestNG.runSuitesSequentially(TestNG.java:1284)<br />
              org.testng.TestNG.runSuitesLocally(TestNG.java:1209)<br />
              org.testng.TestNG.runSuites(TestNG.java:1124)<br />
              org.testng.TestNG.run(TestNG.java:1096)<br />
              org.testng.remote.AbstractRemoteTestNG.run(AbstractRemoteTestNG.java:132)<br />
              org.testng.remote.RemoteTestNG.initAndRun(RemoteTestNG.java:236)<br />
              org.testng.remote.RemoteTestNG.main(RemoteTestNG.java:81)<br />
                </div>
      </td>
</tr>
          <tr>
        <td colspan="3" class="group">TestCases.TC06_AttributeFleet</td>
      </tr>
            
<tr>
  <td class="method">
                  TC06_AttributeFleet1
      </td>
  <td class="duration">
    106.633s
  </td>
  <td class="result">
        
    
            <div class="testOutput">
                        <a target="_blank" href="17-Mar-2021__12_45_35AM.png">Screenshot link</a>
                                <br>
                                <a target="_blank" href="17-Mar-2021__12_45_35AM.png"><img src="17-Mar-2021__12_45_35AM.png" height=200 width=200></a>
                  </div>
    

        <a href="javascript:toggleElement('exception-2', 'block')" title="Click to expand/collapse"><b>junit.framework.AssertionFailedError: Error while isElementPresent on element : //div[contains(text(),&apos;Attributes Updated&apos;)]</b></a><br />
    <div class="stackTrace" id="exception-2">
              junit.framework.Assert.fail(Assert.java:47)<br />
              base.BaseTest.isElementPresent(BaseTest.java:411)<br />
              utilities.TestUtil.save_message_validation(TestUtil.java:1056)<br />
              TestCases.TC06_AttributeFleet.TC06_AttributeFleet1(TC06_AttributeFleet.java:103)<br />
              sun.reflect.NativeMethodAccessorImpl.invoke0(Native Method)<br />
              sun.reflect.NativeMethodAccessorImpl.invoke(NativeMethodAccessorImpl.java:62)<br />
              sun.reflect.DelegatingMethodAccessorImpl.invoke(DelegatingMethodAccessorImpl.java:43)<br />
              java.lang.reflect.Method.invoke(Method.java:498)<br />
              org.testng.internal.MethodInvocationHelper.invokeMethod(MethodInvocationHelper.java:100)<br />
              org.testng.internal.Invoker.invokeMethod(Invoker.java:646)<br />
              org.testng.internal.Invoker.invokeTestMethod(Invoker.java:811)<br />
              org.testng.internal.Invoker.invokeTestMethods(Invoker.java:1137)<br />
              org.testng.internal.TestMethodWorker.invokeTestMethods(TestMethodWorker.java:129)<br />
              org.testng.internal.TestMethodWorker.run(TestMethodWorker.java:112)<br />
              org.testng.TestRunner.privateRun(TestRunner.java:753)<br />
              org.testng.TestRunner.run(TestRunner.java:607)<br />
              org.testng.SuiteRunner.runTest(SuiteRunner.java:368)<br />
              org.testng.SuiteRunner.runSequentially(SuiteRunner.java:363)<br />
              org.testng.SuiteRunner.privateRun(SuiteRunner.java:321)<br />
              org.testng.SuiteRunner.run(SuiteRunner.java:270)<br />
              org.testng.SuiteRunnerWorker.runSuite(SuiteRunnerWorker.java:52)<br />
              org.testng.SuiteRunnerWorker.run(SuiteRunnerWorker.java:86)<br />
              org.testng.TestNG.runSuitesSequentially(TestNG.java:1284)<br />
              org.testng.TestNG.runSuitesLocally(TestNG.java:1209)<br />
              org.testng.TestNG.runSuites(TestNG.java:1124)<br />
              org.testng.TestNG.run(TestNG.java:1096)<br />
              org.testng.remote.AbstractRemoteTestNG.run(AbstractRemoteTestNG.java:132)<br />
              org.testng.remote.RemoteTestNG.initAndRun(RemoteTestNG.java:236)<br />
              org.testng.remote.RemoteTestNG.main(RemoteTestNG.java:81)<br />
                </div>
      </td>
</tr>
          <tr>
        <td colspan="3" class="group">TestCases.TC09_CatalogEng</td>
      </tr>
            
<tr>
  <td class="method">
                  TC09_CatalogEng1
      </td>
  <td class="duration">
    40.855s
  </td>
  <td class="result">
        
    
            <div class="testOutput">
                        <a target="_blank" href="17-Mar-2021__01_06_34AM.png">Screenshot link</a>
                                <br>
                                <a target="_blank" href="17-Mar-2021__01_06_34AM.png"><img src="17-Mar-2021__01_06_34AM.png" height=200 width=200></a>
                  </div>
    

        <a href="javascript:toggleElement('exception-3', 'block')" title="Click to expand/collapse"><b>junit.framework.AssertionFailedError: Error while clicking on element :[[ChromeDriver: chrome on XP (cacb5b06d548004529f8097122de2852)] -&gt; id: catalog_save_btn]</b></a><br />
    <div class="stackTrace" id="exception-3">
              junit.framework.Assert.fail(Assert.java:47)<br />
              base.BaseTest.click(BaseTest.java:196)<br />
              PageObjects.Catalog.save_message_validation(Catalog.java:317)<br />
              TestCases.TC09_CatalogEng.TC09_CatalogEng1(TC09_CatalogEng.java:133)<br />
              sun.reflect.NativeMethodAccessorImpl.invoke0(Native Method)<br />
              sun.reflect.NativeMethodAccessorImpl.invoke(NativeMethodAccessorImpl.java:62)<br />
              sun.reflect.DelegatingMethodAccessorImpl.invoke(DelegatingMethodAccessorImpl.java:43)<br />
              java.lang.reflect.Method.invoke(Method.java:498)<br />
              org.testng.internal.MethodInvocationHelper.invokeMethod(MethodInvocationHelper.java:100)<br />
              org.testng.internal.Invoker.invokeMethod(Invoker.java:646)<br />
              org.testng.internal.Invoker.invokeTestMethod(Invoker.java:811)<br />
              org.testng.internal.Invoker.invokeTestMethods(Invoker.java:1137)<br />
              org.testng.internal.TestMethodWorker.invokeTestMethods(TestMethodWorker.java:129)<br />
              org.testng.internal.TestMethodWorker.run(TestMethodWorker.java:112)<br />
              org.testng.TestRunner.privateRun(TestRunner.java:753)<br />
              org.testng.TestRunner.run(TestRunner.java:607)<br />
              org.testng.SuiteRunner.runTest(SuiteRunner.java:368)<br />
              org.testng.SuiteRunner.runSequentially(SuiteRunner.java:363)<br />
              org.testng.SuiteRunner.privateRun(SuiteRunner.java:321)<br />
              org.testng.SuiteRunner.run(SuiteRunner.java:270)<br />
              org.testng.SuiteRunnerWorker.runSuite(SuiteRunnerWorker.java:52)<br />
              org.testng.SuiteRunnerWorker.run(SuiteRunnerWorker.java:86)<br />
              org.testng.TestNG.runSuitesSequentially(TestNG.java:1284)<br />
              org.testng.TestNG.runSuitesLocally(TestNG.java:1209)<br />
              org.testng.TestNG.runSuites(TestNG.java:1124)<br />
              org.testng.TestNG.run(TestNG.java:1096)<br />
              org.testng.remote.AbstractRemoteTestNG.run(AbstractRemoteTestNG.java:132)<br />
              org.testng.remote.RemoteTestNG.initAndRun(RemoteTestNG.java:236)<br />
              org.testng.remote.RemoteTestNG.main(RemoteTestNG.java:81)<br />
                </div>
      </td>
</tr>
          <tr>
        <td colspan="3" class="group">TestCases.TC17_Warehouse</td>
      </tr>
            
<tr>
  <td class="method">
                  TC17_Warehouse1
      </td>
  <td class="duration">
    439.916s
  </td>
  <td class="result">
        
    
            <div class="testOutput">
                        <a target="_blank" href="17-Mar-2021__01_32_45AM.png">Screenshot link</a>
                                <br>
                                <a target="_blank" href="17-Mar-2021__01_32_45AM.png"><img src="17-Mar-2021__01_32_45AM.png" height=200 width=200></a>
                  </div>
    

        <a href="javascript:toggleElement('exception-4', 'block')" title="Click to expand/collapse"><b>junit.framework.AssertionFailedError: Error while clicking on element ://aw-tab-container[@class=&apos;ng-star-inserted&apos;]//a[contains(text(),&apos;Code1Edit&apos;)]/parent::div</b></a><br />
    <div class="stackTrace" id="exception-4">
              junit.framework.Assert.fail(Assert.java:47)<br />
              base.BaseTest.click(BaseTest.java:184)<br />
              TestCases.TC17_Warehouse.TC17_Warehouse1(TC17_Warehouse.java:560)<br />
              sun.reflect.NativeMethodAccessorImpl.invoke0(Native Method)<br />
              sun.reflect.NativeMethodAccessorImpl.invoke(NativeMethodAccessorImpl.java:62)<br />
              sun.reflect.DelegatingMethodAccessorImpl.invoke(DelegatingMethodAccessorImpl.java:43)<br />
              java.lang.reflect.Method.invoke(Method.java:498)<br />
              org.testng.internal.MethodInvocationHelper.invokeMethod(MethodInvocationHelper.java:100)<br />
              org.testng.internal.Invoker.invokeMethod(Invoker.java:646)<br />
              org.testng.internal.Invoker.invokeTestMethod(Invoker.java:811)<br />
              org.testng.internal.Invoker.invokeTestMethods(Invoker.java:1137)<br />
              org.testng.internal.TestMethodWorker.invokeTestMethods(TestMethodWorker.java:129)<br />
              org.testng.internal.TestMethodWorker.run(TestMethodWorker.java:112)<br />
              org.testng.TestRunner.privateRun(TestRunner.java:753)<br />
              org.testng.TestRunner.run(TestRunner.java:607)<br />
              org.testng.SuiteRunner.runTest(SuiteRunner.java:368)<br />
              org.testng.SuiteRunner.runSequentially(SuiteRunner.java:363)<br />
              org.testng.SuiteRunner.privateRun(SuiteRunner.java:321)<br />
              org.testng.SuiteRunner.run(SuiteRunner.java:270)<br />
              org.testng.SuiteRunnerWorker.runSuite(SuiteRunnerWorker.java:52)<br />
              org.testng.SuiteRunnerWorker.run(SuiteRunnerWorker.java:86)<br />
              org.testng.TestNG.runSuitesSequentially(TestNG.java:1284)<br />
              org.testng.TestNG.runSuitesLocally(TestNG.java:1209)<br />
              org.testng.TestNG.runSuites(TestNG.java:1124)<br />
              org.testng.TestNG.run(TestNG.java:1096)<br />
              org.testng.remote.AbstractRemoteTestNG.run(AbstractRemoteTestNG.java:132)<br />
              org.testng.remote.RemoteTestNG.initAndRun(RemoteTestNG.java:236)<br />
              org.testng.remote.RemoteTestNG.main(RemoteTestNG.java:81)<br />
                </div>
      </td>
</tr>
          <tr>
        <td colspan="3" class="group">TestCases.TC18_BusinessPartner</td>
      </tr>
            
<tr>
  <td class="method">
                  TC18_BusinessPartner1
      </td>
  <td class="duration">
    53.844s
  </td>
  <td class="result">
        
    
            <div class="testOutput">
                        <a target="_blank" href="17-Mar-2021__01_35_28AM.png">Screenshot link</a>
                                <br>
                                <a target="_blank" href="17-Mar-2021__01_35_28AM.png"><img src="17-Mar-2021__01_35_28AM.png" height=200 width=200></a>
                  </div>
    

        <a href="javascript:toggleElement('exception-5', 'block')" title="Click to expand/collapse"><b>junit.framework.AssertionFailedError: Error while type on element : [[ChromeDriver: chrome on XP (15e396e2b875ba82527b91e4cae4c914)] -&gt; id: business_partner_form_code_ctrl]</b></a><br />
    <div class="stackTrace" id="exception-5">
              junit.framework.Assert.fail(Assert.java:47)<br />
              base.BaseTest.type(BaseTest.java:300)<br />
              PageObjects.BusinessPartner.BusinessPartnerCreateValidation(BusinessPartner.java:280)<br />
              TestCases.TC18_BusinessPartner.TC18_BusinessPartner1(TC18_BusinessPartner.java:110)<br />
              sun.reflect.NativeMethodAccessorImpl.invoke0(Native Method)<br />
              sun.reflect.NativeMethodAccessorImpl.invoke(NativeMethodAccessorImpl.java:62)<br />
              sun.reflect.DelegatingMethodAccessorImpl.invoke(DelegatingMethodAccessorImpl.java:43)<br />
              java.lang.reflect.Method.invoke(Method.java:498)<br />
              org.testng.internal.MethodInvocationHelper.invokeMethod(MethodInvocationHelper.java:100)<br />
              org.testng.internal.Invoker.invokeMethod(Invoker.java:646)<br />
              org.testng.internal.Invoker.invokeTestMethod(Invoker.java:811)<br />
              org.testng.internal.Invoker.invokeTestMethods(Invoker.java:1137)<br />
              org.testng.internal.TestMethodWorker.invokeTestMethods(TestMethodWorker.java:129)<br />
              org.testng.internal.TestMethodWorker.run(TestMethodWorker.java:112)<br />
              org.testng.TestRunner.privateRun(TestRunner.java:753)<br />
              org.testng.TestRunner.run(TestRunner.java:607)<br />
              org.testng.SuiteRunner.runTest(SuiteRunner.java:368)<br />
              org.testng.SuiteRunner.runSequentially(SuiteRunner.java:363)<br />
              org.testng.SuiteRunner.privateRun(SuiteRunner.java:321)<br />
              org.testng.SuiteRunner.run(SuiteRunner.java:270)<br />
              org.testng.SuiteRunnerWorker.runSuite(SuiteRunnerWorker.java:52)<br />
              org.testng.SuiteRunnerWorker.run(SuiteRunnerWorker.java:86)<br />
              org.testng.TestNG.runSuitesSequentially(TestNG.java:1284)<br />
              org.testng.TestNG.runSuitesLocally(TestNG.java:1209)<br />
              org.testng.TestNG.runSuites(TestNG.java:1124)<br />
              org.testng.TestNG.run(TestNG.java:1096)<br />
              org.testng.remote.AbstractRemoteTestNG.run(AbstractRemoteTestNG.java:132)<br />
              org.testng.remote.RemoteTestNG.initAndRun(RemoteTestNG.java:236)<br />
              org.testng.remote.RemoteTestNG.main(RemoteTestNG.java:81)<br />
                </div>
      </td>
</tr>
          <tr>
        <td colspan="3" class="group">TestCases.TC21_Licensing</td>
      </tr>
            
<tr>
  <td class="method">
                  TC21_Licensing1
      </td>
  <td class="duration">
    30.926s
  </td>
  <td class="result">
        
    
            <div class="testOutput">
                        <a target="_blank" href="17-Mar-2021__12_59_34AM.png">Screenshot link</a>
                                <br>
                                <a target="_blank" href="17-Mar-2021__12_59_34AM.png"><img src="17-Mar-2021__12_59_34AM.png" height=200 width=200></a>
                  </div>
    

        <a href="javascript:toggleElement('exception-6', 'block')" title="Click to expand/collapse"><b>java.lang.AssertionError: expected [true] but found [false]</b></a><br />
    <div class="stackTrace" id="exception-6">
              org.testng.Assert.fail(Assert.java:94)<br />
              org.testng.Assert.failNotEquals(Assert.java:513)<br />
              org.testng.Assert.assertTrue(Assert.java:42)<br />
              org.testng.Assert.assertTrue(Assert.java:52)<br />
              PageObjects.Licensing.elementsValidationLicensing(Licensing.java:113)<br />
              TestCases.TC21_Licensing.TC21_Licensing1(TC21_Licensing.java:71)<br />
              sun.reflect.NativeMethodAccessorImpl.invoke0(Native Method)<br />
              sun.reflect.NativeMethodAccessorImpl.invoke(NativeMethodAccessorImpl.java:62)<br />
              sun.reflect.DelegatingMethodAccessorImpl.invoke(DelegatingMethodAccessorImpl.java:43)<br />
              java.lang.reflect.Method.invoke(Method.java:498)<br />
              org.testng.internal.MethodInvocationHelper.invokeMethod(MethodInvocationHelper.java:100)<br />
              org.testng.internal.Invoker.invokeMethod(Invoker.java:646)<br />
              org.testng.internal.Invoker.invokeTestMethod(Invoker.java:811)<br />
              org.testng.internal.Invoker.invokeTestMethods(Invoker.java:1137)<br />
              org.testng.internal.TestMethodWorker.invokeTestMethods(TestMethodWorker.java:129)<br />
              org.testng.internal.TestMethodWorker.run(TestMethodWorker.java:112)<br />
              org.testng.TestRunner.privateRun(TestRunner.java:753)<br />
              org.testng.TestRunner.run(TestRunner.java:607)<br />
              org.testng.SuiteRunner.runTest(SuiteRunner.java:368)<br />
              org.testng.SuiteRunner.runSequentially(SuiteRunner.java:363)<br />
              org.testng.SuiteRunner.privateRun(SuiteRunner.java:321)<br />
              org.testng.SuiteRunner.run(SuiteRunner.java:270)<br />
              org.testng.SuiteRunnerWorker.runSuite(SuiteRunnerWorker.java:52)<br />
              org.testng.SuiteRunnerWorker.run(SuiteRunnerWorker.java:86)<br />
              org.testng.TestNG.runSuitesSequentially(TestNG.java:1284)<br />
              org.testng.TestNG.runSuitesLocally(TestNG.java:1209)<br />
              org.testng.TestNG.runSuites(TestNG.java:1124)<br />
              org.testng.TestNG.run(TestNG.java:1096)<br />
              org.testng.remote.AbstractRemoteTestNG.run(AbstractRemoteTestNG.java:132)<br />
              org.testng.remote.RemoteTestNG.initAndRun(RemoteTestNG.java:236)<br />
              org.testng.remote.RemoteTestNG.main(RemoteTestNG.java:81)<br />
                </div>
      </td>
</tr>
          <tr>
        <td colspan="3" class="group">TestCases.TC22_WorkFlowManagement</td>
      </tr>
            
<tr>
  <td class="method">
                  TC22_WorkFlowManagement1
      </td>
  <td class="duration">
    79.113s
  </td>
  <td class="result">
        
    
            <div class="testOutput">
                        <a target="_blank" href="17-Mar-2021__01_34_21AM.png">Screenshot link</a>
                                <br>
                                <a target="_blank" href="17-Mar-2021__01_34_21AM.png"><img src="17-Mar-2021__01_34_21AM.png" height=200 width=200></a>
                  </div>
    

        <a href="javascript:toggleElement('exception-7', 'block')" title="Click to expand/collapse"><b>junit.framework.AssertionFailedError: Error while clicking on element ://aw-tab-container[@class=&apos;ng-star-inserted&apos;]//h4[contains(text(),&apos;Assignement of the Target status&apos;)]//..//..//..//tbody/tr[contains(.,&apos;Loaded&apos;)]//p-checkbox</b></a><br />
    <div class="stackTrace" id="exception-7">
              junit.framework.Assert.fail(Assert.java:47)<br />
              base.BaseTest.click(BaseTest.java:184)<br />
              PageObjects.WorkFlowManagement.WorkFlowEdittxtValidation(WorkFlowManagement.java:295)<br />
              TestCases.TC22_WorkFlowManagement.TC22_WorkFlowManagement1(TC22_WorkFlowManagement.java:144)<br />
              sun.reflect.NativeMethodAccessorImpl.invoke0(Native Method)<br />
              sun.reflect.NativeMethodAccessorImpl.invoke(NativeMethodAccessorImpl.java:62)<br />
              sun.reflect.DelegatingMethodAccessorImpl.invoke(DelegatingMethodAccessorImpl.java:43)<br />
              java.lang.reflect.Method.invoke(Method.java:498)<br />
              org.testng.internal.MethodInvocationHelper.invokeMethod(MethodInvocationHelper.java:100)<br />
              org.testng.internal.Invoker.invokeMethod(Invoker.java:646)<br />
              org.testng.internal.Invoker.invokeTestMethod(Invoker.java:811)<br />
              org.testng.internal.Invoker.invokeTestMethods(Invoker.java:1137)<br />
              org.testng.internal.TestMethodWorker.invokeTestMethods(TestMethodWorker.java:129)<br />
              org.testng.internal.TestMethodWorker.run(TestMethodWorker.java:112)<br />
              org.testng.TestRunner.privateRun(TestRunner.java:753)<br />
              org.testng.TestRunner.run(TestRunner.java:607)<br />
              org.testng.SuiteRunner.runTest(SuiteRunner.java:368)<br />
              org.testng.SuiteRunner.runSequentially(SuiteRunner.java:363)<br />
              org.testng.SuiteRunner.privateRun(SuiteRunner.java:321)<br />
              org.testng.SuiteRunner.run(SuiteRunner.java:270)<br />
              org.testng.SuiteRunnerWorker.runSuite(SuiteRunnerWorker.java:52)<br />
              org.testng.SuiteRunnerWorker.run(SuiteRunnerWorker.java:86)<br />
              org.testng.TestNG.runSuitesSequentially(TestNG.java:1284)<br />
              org.testng.TestNG.runSuitesLocally(TestNG.java:1209)<br />
              org.testng.TestNG.runSuites(TestNG.java:1124)<br />
              org.testng.TestNG.run(TestNG.java:1096)<br />
              org.testng.remote.AbstractRemoteTestNG.run(AbstractRemoteTestNG.java:132)<br />
              org.testng.remote.RemoteTestNG.initAndRun(RemoteTestNG.java:236)<br />
              org.testng.remote.RemoteTestNG.main(RemoteTestNG.java:81)<br />
                </div>
      </td>
</tr>
      </table>


  <table class="resultsTable">
    <tr><th colspan="3" class="header passed">Passed Tests</th></tr>
          <tr>
        <td colspan="3" class="group">TestCases.TC02_Profile</td>
      </tr>
            
<tr>
  <td class="method">
                  TC02_Profile1
      </td>
  <td class="duration">
    221.409s
  </td>
  <td class="result">
        
    
        

      </td>
</tr>
          <tr>
        <td colspan="3" class="group">TestCases.TC04_Setting</td>
      </tr>
            
<tr>
  <td class="method">
                  TC4_Setting1
      </td>
  <td class="duration">
    58.549s
  </td>
  <td class="result">
        
    
        

      </td>
</tr>
          <tr>
        <td colspan="3" class="group">TestCases.TC04_Users</td>
      </tr>
            
<tr>
  <td class="method">
                  TC04_Users1
      </td>
  <td class="duration">
    325.128s
  </td>
  <td class="result">
        
    
        

      </td>
</tr>
          <tr>
        <td colspan="3" class="group">TestCases.TC05_AttributeEnginnering</td>
      </tr>
            
<tr>
  <td class="method">
                  TC05_AttributeEnginnering1
      </td>
  <td class="duration">
    62.846s
  </td>
  <td class="result">
        
    
        

      </td>
</tr>
          <tr>
        <td colspan="3" class="group">TestCases.TC05_AttributeFleet</td>
      </tr>
            
<tr>
  <td class="method">
                  TC05_AttributeFleet1
      </td>
  <td class="duration">
    60.954s
  </td>
  <td class="result">
        
    
        

      </td>
</tr>
          <tr>
        <td colspan="3" class="group">TestCases.TC07_EditEnginneringAttribute</td>
      </tr>
            
<tr>
  <td class="method">
                  TC07_EditEnginneringAttribute_1
      </td>
  <td class="duration">
    138.287s
  </td>
  <td class="result">
        
    
        

      </td>
</tr>
          <tr>
        <td colspan="3" class="group">TestCases.TC07_EditFleetAttribute</td>
      </tr>
            
<tr>
  <td class="method">
                  TC07_EditFleetAttribute_1
      </td>
  <td class="duration">
    138.367s
  </td>
  <td class="result">
        
    
        

      </td>
</tr>
          <tr>
        <td colspan="3" class="group">TestCases.TC08_EnnumeratedEngAttribute</td>
      </tr>
            
<tr>
  <td class="method">
                  TC08_EnnumeratedFleetAttribute1
      </td>
  <td class="duration">
    104.809s
  </td>
  <td class="result">
        
    
        

      </td>
</tr>
          <tr>
        <td colspan="3" class="group">TestCases.TC08_EnnumeratedFleetAttribute</td>
      </tr>
            
<tr>
  <td class="method">
                  TC08_EnnumeratedFleetAttribute_1
      </td>
  <td class="duration">
    103.990s
  </td>
  <td class="result">
        
    
        

      </td>
</tr>
          <tr>
        <td colspan="3" class="group">TestCases.TC09_CatalogFleet</td>
      </tr>
            
<tr>
  <td class="method">
                  TC09_CatalogFleet1
      </td>
  <td class="duration">
    119.643s
  </td>
  <td class="result">
        
    
        

      </td>
</tr>
          <tr>
        <td colspan="3" class="group">TestCases.TC13_EnterpriseDefinition</td>
      </tr>
            
<tr>
  <td class="method">
                  TC13_EnterpriseDefinitin1
      </td>
  <td class="duration">
    352.251s
  </td>
  <td class="result">
        
    
        

      </td>
</tr>
          <tr>
        <td colspan="3" class="group">TestCases.TC13_EventSubscription</td>
      </tr>
            
<tr>
  <td class="method">
                  TC13_EventSubscription1
      </td>
  <td class="duration">
    288.616s
  </td>
  <td class="result">
        
    
        

      </td>
</tr>
          <tr>
        <td colspan="3" class="group">TestCases.TC14_EnterpriseMap</td>
      </tr>
            
<tr>
  <td class="method">
                  TC14_EnterpriseMap1
      </td>
  <td class="duration">
    27.419s
  </td>
  <td class="result">
        
    
        

      </td>
</tr>
          <tr>
        <td colspan="3" class="group">TestCases.TC15_Site</td>
      </tr>
            
<tr>
  <td class="method">
                  TC15_CreateNewSite
      </td>
  <td class="duration">
    158.661s
  </td>
  <td class="result">
        
    
        

      </td>
</tr>
          <tr>
        <td colspan="3" class="group">TestCases.TC16_WorkShop</td>
      </tr>
            
<tr>
  <td class="method">
                  TC16_WorkShop1
      </td>
  <td class="duration">
    463.907s
  </td>
  <td class="result">
        
    
        

      </td>
</tr>
          <tr>
        <td colspan="3" class="group">TestCases.TC19_Contact</td>
      </tr>
            
<tr>
  <td class="method">
                  TC19_Contact1
      </td>
  <td class="duration">
    131.680s
  </td>
  <td class="result">
        
    
        

      </td>
</tr>
          <tr>
        <td colspan="3" class="group">TestCases.TC20_AdminMonitoring</td>
      </tr>
            
<tr>
  <td class="method">
                  TC20_AdminMonitoring1
      </td>
  <td class="duration">
    100.155s
  </td>
  <td class="result">
        
    
        

      </td>
</tr>
      </table>
  
</body>
</html>
