<?xml version="1.0" encoding="UTF-8"?>
<!-- Generated by org.testng.reporters.JUnitXMLReporter -->
<testsuite ignored="0" hostname="ITEM-S88545" failures="2" tests="5" name="Adminitration Module" time="92.85" errors="0" timestamp="2021-01-03T15:06:24 IST">
  <testcase classname="base.BaseTest" name="@BeforeClass setUp" time="0.028">
    <skipped/>
  </testcase> <!-- @BeforeClass setUp -->
  <testcase classname="base.BaseTest" name="@AfterClass tearDown" time="-1.609666491389E9">
    <skipped/>
  </testcase> <!-- @AfterClass tearDown -->
  <testcase classname="base.BaseTest" name="@BeforeClass setUp" time="0.001">
    <skipped/>
  </testcase> <!-- @BeforeClass setUp -->
  <testcase classname="base.BaseTest" name="@AfterClass tearDown" time="-1.609666491408E9">
    <skipped/>
  </testcase> <!-- @AfterClass tearDown -->
  <testcase classname="base.BaseTest" name="@BeforeClass setUp" time="0.001">
    <skipped/>
  </testcase> <!-- @BeforeClass setUp -->
  <testcase classname="base.BaseTest" name="@AfterClass tearDown" time="-1.609666491417E9">
    <skipped/>
  </testcase> <!-- @AfterClass tearDown -->
  <testcase classname="TestCases.TC01_Login" name="TC01_Login1" time="0.0">
    <skipped/>
  </testcase> <!-- TC01_Login1 -->
  <testcase classname="TestCases.TC02_Profile" name="TC02_Profile1" time="0.0">
    <skipped/>
  </testcase> <!-- TC02_Profile1 -->
  <testcase classname="TestCases.TC03_Profile" name="TC03Profile2_1" time="0.0">
    <skipped/>
  </testcase> <!-- TC03Profile2_1 -->
  <testcase classname="TestCases.TC04_Users" name="TC04_Users1" time="51.334">
    <failure type="org.openqa.selenium.TimeoutException" message="Expected condition failed: waiting for presence of element located by: By.xpath: .//*[contains(text(),&amp;apos;Login&amp;apos;)] (tried for 45 second(s) with 500 milliseconds interval)">
      <![CDATA[org.openqa.selenium.TimeoutException: Expected condition failed: waiting for presence of element located by: By.xpath: .//*[contains(text(),'Login')] (tried for 45 second(s) with 500 milliseconds interval)
at org.openqa.selenium.support.ui.WebDriverWait.timeoutException(WebDriverWait.java:113)
at org.openqa.selenium.support.ui.FluentWait.until(FluentWait.java:283)
at PageObjects.Login.load_time(Login.java:73)
at TestCases.TC04_Users.TC04_Users1(TC04_Users.java:42)
at java.base/java.util.ArrayList.forEach(ArrayList.java:1507)
Caused by: org.openqa.selenium.NoSuchElementException: Cannot locate an element using By.xpath: .//*[contains(text(),'Login')]
For documentation on this error, please visit: http://seleniumhq.org/exceptions/no_such_element.html
Build info: version: '3.14.0', revision: 'aacccce0', time: '2018-08-02T20:19:58.91Z'
System info: host: 'ITEM-S88545', ip: '192.168.43.105', os.name: 'Windows 10', os.arch: 'amd64', os.version: '10.0', java.version: '13.0.2'
Driver info: driver.version: unknown
at org.openqa.selenium.support.ui.ExpectedConditions.lambda$findElement$0(ExpectedConditions.java:896)
at java.base/java.util.Optional.orElseThrow(Optional.java:401)
at org.openqa.selenium.support.ui.ExpectedConditions.findElement(ExpectedConditions.java:895)
at org.openqa.selenium.support.ui.ExpectedConditions.access$000(ExpectedConditions.java:44)
at org.openqa.selenium.support.ui.ExpectedConditions$6.apply(ExpectedConditions.java:183)
at org.openqa.selenium.support.ui.ExpectedConditions$6.apply(ExpectedConditions.java:180)
at org.openqa.selenium.support.ui.FluentWait.until(FluentWait.java:260)
... 30 more
... Removed 27 stack frames]]>
    </failure>
  </testcase> <!-- TC04_Users1 -->
  <testcase classname="TestCases.TC04_Users" name="TC04_Users1" time="63.542">
    <failure type="java.lang.RuntimeException" message="Unexpected result for screenshot command: null">
      <![CDATA[java.lang.RuntimeException: Unexpected result for screenshot command: null
at org.openqa.selenium.remote.RemoteWebDriver.getScreenshotAs(RemoteWebDriver.java:303)
at utilities.TestUtil.captureScreenshot(TestUtil.java:43)
at listeners.Customlisteners.onTestFailure(Customlisteners.java:52)
at java.base/java.util.ArrayList.forEach(ArrayList.java:1507)
... Removed 24 stack frames]]>
    </failure>
  </testcase> <!-- TC04_Users1 -->
</testsuite> <!-- Adminitration Module -->
