<?xml version="1.0" encoding="UTF-8"?>
<!-- Generated by org.testng.reporters.JUnitXMLReporter -->
<testsuite hostname="ITEM-S73641" name="POC" tests="25" failures="8" timestamp="16 Mar 2021 20:05:28 GMT" time="4192.949" errors="0">
  <testcase name="TC01_Login1" time="110.466" classname="TestCases.TC01_Login">
    <failure type="java.lang.AssertionError" message="Advanced Features not present in Fleet Management ">
      <![CDATA[java.lang.AssertionError: Advanced Features not present in Fleet Management 
	at PageObjects.Homepage.Home_Fleet_Management_Data(Homepage.java:151)
	at TestCases.TC01_Login.TC01_Login1(TC01_Login.java:89)
... Removed 26 stack frames]]>
    </failure>
  </testcase> <!-- TC01_Login1 -->
  <testcase name="TC02_Profile1" time="221.409" classname="TestCases.TC02_Profile"/>
  <testcase name="TC04_Users1" time="325.128" classname="TestCases.TC04_Users"/>
  <testcase name="TC4_Setting1" time="58.549" classname="TestCases.TC04_Setting"/>
  <testcase name="TC05_AttributeEnginnering1" time="62.846" classname="TestCases.TC05_AttributeEnginnering"/>
  <testcase name="TC05_AttributeFleet1" time="60.954" classname="TestCases.TC05_AttributeFleet"/>
  <testcase name="TC06_AttributeEnginnering1" time="106.414" classname="TestCases.TC06_AttributeEnginnering">
    <failure type="junit.framework.AssertionFailedError" message="Error while isElementPresent on element : //div[contains(text(),&amp;apos;Attributes Updated&amp;apos;)]">
      <![CDATA[junit.framework.AssertionFailedError: Error while isElementPresent on element : //div[contains(text(),'Attributes Updated')]
	at junit.framework.Assert.fail(Assert.java:47)
	at base.BaseTest.isElementPresent(BaseTest.java:411)
	at utilities.TestUtil.save_message_validation(TestUtil.java:1056)
	at TestCases.TC06_AttributeEnginnering.TC06_AttributeEnginnering1(TC06_AttributeEnginnering.java:104)
... Removed 25 stack frames]]>
    </failure>
  </testcase> <!-- TC06_AttributeEnginnering1 -->
  <testcase name="TC06_AttributeFleet1" time="106.633" classname="TestCases.TC06_AttributeFleet">
    <failure type="junit.framework.AssertionFailedError" message="Error while isElementPresent on element : //div[contains(text(),&amp;apos;Attributes Updated&amp;apos;)]">
      <![CDATA[junit.framework.AssertionFailedError: Error while isElementPresent on element : //div[contains(text(),'Attributes Updated')]
	at junit.framework.Assert.fail(Assert.java:47)
	at base.BaseTest.isElementPresent(BaseTest.java:411)
	at utilities.TestUtil.save_message_validation(TestUtil.java:1056)
	at TestCases.TC06_AttributeFleet.TC06_AttributeFleet1(TC06_AttributeFleet.java:103)
... Removed 25 stack frames]]>
    </failure>
  </testcase> <!-- TC06_AttributeFleet1 -->
  <testcase name="TC07_EditEnginneringAttribute_1" time="138.287" classname="TestCases.TC07_EditEnginneringAttribute"/>
  <testcase name="TC07_EditFleetAttribute_1" time="138.367" classname="TestCases.TC07_EditFleetAttribute"/>
  <testcase name="TC08_EnnumeratedFleetAttribute1" time="104.809" classname="TestCases.TC08_EnnumeratedEngAttribute"/>
  <testcase name="TC08_EnnumeratedFleetAttribute_1" time="103.99" classname="TestCases.TC08_EnnumeratedFleetAttribute"/>
  <testcase name="TC19_Contact1" time="131.68" classname="TestCases.TC19_Contact"/>
  <testcase name="TC20_AdminMonitoring1" time="100.155" classname="TestCases.TC20_AdminMonitoring"/>
  <testcase name="TC21_Licensing1" time="30.926" classname="TestCases.TC21_Licensing">
    <failure type="java.lang.AssertionError" message="expected [true] but found [false]">
      <![CDATA[java.lang.AssertionError: expected [true] but found [false]
	at PageObjects.Licensing.elementsValidationLicensing(Licensing.java:113)
	at TestCases.TC21_Licensing.TC21_Licensing1(TC21_Licensing.java:71)
... Removed 29 stack frames]]>
    </failure>
  </testcase> <!-- TC21_Licensing1 -->
  <testcase name="TC13_EnterpriseDefinitin1" time="352.251" classname="TestCases.TC13_EnterpriseDefinition"/>
  <testcase name="TC09_CatalogEng1" time="40.855" classname="TestCases.TC09_CatalogEng">
    <failure type="junit.framework.AssertionFailedError" message="Error while clicking on element :[[ChromeDriver: chrome on XP (cacb5b06d548004529f8097122de2852)] -&amp;gt; id: catalog_save_btn]">
      <![CDATA[junit.framework.AssertionFailedError: Error while clicking on element :[[ChromeDriver: chrome on XP (cacb5b06d548004529f8097122de2852)] -> id: catalog_save_btn]
	at junit.framework.Assert.fail(Assert.java:47)
	at base.BaseTest.click(BaseTest.java:196)
	at PageObjects.Catalog.save_message_validation(Catalog.java:317)
	at TestCases.TC09_CatalogEng.TC09_CatalogEng1(TC09_CatalogEng.java:133)
... Removed 25 stack frames]]>
    </failure>
  </testcase> <!-- TC09_CatalogEng1 -->
  <testcase name="TC09_CatalogFleet1" time="119.643" classname="TestCases.TC09_CatalogFleet"/>
  <testcase name="TC13_EventSubscription1" time="288.616" classname="TestCases.TC13_EventSubscription"/>
  <testcase name="TC14_EnterpriseMap1" time="27.419" classname="TestCases.TC14_EnterpriseMap"/>
  <testcase name="TC15_CreateNewSite" time="158.661" classname="TestCases.TC15_Site"/>
  <testcase name="TC16_WorkShop1" time="463.907" classname="TestCases.TC16_WorkShop"/>
  <testcase name="TC17_Warehouse1" time="439.916" classname="TestCases.TC17_Warehouse">
    <failure type="junit.framework.AssertionFailedError" message="Error while clicking on element ://aw-tab-container[@class=&amp;apos;ng-star-inserted&amp;apos;]//a[contains(text(),&amp;apos;Code1Edit&amp;apos;)]/parent::div">
      <![CDATA[junit.framework.AssertionFailedError: Error while clicking on element ://aw-tab-container[@class='ng-star-inserted']//a[contains(text(),'Code1Edit')]/parent::div
	at junit.framework.Assert.fail(Assert.java:47)
	at base.BaseTest.click(BaseTest.java:184)
	at TestCases.TC17_Warehouse.TC17_Warehouse1(TC17_Warehouse.java:560)
... Removed 25 stack frames]]>
    </failure>
  </testcase> <!-- TC17_Warehouse1 -->
  <testcase name="TC22_WorkFlowManagement1" time="79.113" classname="TestCases.TC22_WorkFlowManagement">
    <failure type="junit.framework.AssertionFailedError" message="Error while clicking on element ://aw-tab-container[@class=&amp;apos;ng-star-inserted&amp;apos;]//h4[contains(text(),&amp;apos;Assignement of the Target status&amp;apos;)]//..//..//..//tbody/tr[contains(.,&amp;apos;Loaded&amp;apos;)]//p-checkbox">
      <![CDATA[junit.framework.AssertionFailedError: Error while clicking on element ://aw-tab-container[@class='ng-star-inserted']//h4[contains(text(),'Assignement of the Target status')]//..//..//..//tbody/tr[contains(.,'Loaded')]//p-checkbox
	at junit.framework.Assert.fail(Assert.java:47)
	at base.BaseTest.click(BaseTest.java:184)
	at PageObjects.WorkFlowManagement.WorkFlowEdittxtValidation(WorkFlowManagement.java:295)
	at TestCases.TC22_WorkFlowManagement.TC22_WorkFlowManagement1(TC22_WorkFlowManagement.java:144)
... Removed 25 stack frames]]>
    </failure>
  </testcase> <!-- TC22_WorkFlowManagement1 -->
  <testcase name="TC18_BusinessPartner1" time="53.844" classname="TestCases.TC18_BusinessPartner">
    <failure type="junit.framework.AssertionFailedError" message="Error while type on element : [[ChromeDriver: chrome on XP (15e396e2b875ba82527b91e4cae4c914)] -&amp;gt; id: business_partner_form_code_ctrl]">
      <![CDATA[junit.framework.AssertionFailedError: Error while type on element : [[ChromeDriver: chrome on XP (15e396e2b875ba82527b91e4cae4c914)] -> id: business_partner_form_code_ctrl]
	at junit.framework.Assert.fail(Assert.java:47)
	at base.BaseTest.type(BaseTest.java:300)
	at PageObjects.BusinessPartner.BusinessPartnerCreateValidation(BusinessPartner.java:280)
	at TestCases.TC18_BusinessPartner.TC18_BusinessPartner1(TC18_BusinessPartner.java:110)
... Removed 25 stack frames]]>
    </failure>
  </testcase> <!-- TC18_BusinessPartner1 -->
</testsuite> <!-- POC -->
