<?xml version="1.0" encoding="UTF-8"?>
<testng-results ignored="0" total="3" passed="2" failed="1" skipped="0">
  <reporter-output>
  </reporter-output>
  <suite started-at="2020-05-05T11:08:17Z" name="Suite" finished-at="2020-05-05T11:08:21Z" duration-ms="4344">
    <groups>
    </groups>
    <test started-at="2020-05-05T11:08:17Z" name="RegressionTest" finished-at="2020-05-05T11:08:21Z" duration-ms="4344">
      <class name="testcases.BankLoginTest">
        <test-method is-config="true" signature="setUp()[pri:0, instance:testcases.BankLoginTest@5f2f577]" started-at="2020-05-05T11:08:00Z" name="setUp" finished-at="2020-05-05T11:08:17Z" duration-ms="16701" status="PASS">
          <reporter-output>
          </reporter-output>
        </test-method> <!-- setUp -->
        <test-method signature="loginAsBankManager()[pri:0, instance:testcases.BankLoginTest@5f2f577]" started-at="2020-05-05T11:08:17Z" name="loginAsBankManager" finished-at="2020-05-05T11:08:21Z" duration-ms="4277" status="FAIL">
          <exception class="java.lang.AssertionError">
            <message>
              <![CDATA[null]]>
            </message>
            <full-stacktrace>
              <![CDATA[java.lang.AssertionError: null
at org.testng.Assert.fail(Assert.java:96)
at org.testng.Assert.fail(Assert.java:103)
at testcases.BankLoginTest.loginAsBankManager(BankLoginTest.java:20)
at java.base/jdk.internal.reflect.NativeMethodAccessorImpl.invoke0(Native Method)
at java.base/jdk.internal.reflect.NativeMethodAccessorImpl.invoke(NativeMethodAccessorImpl.java:62)
at java.base/jdk.internal.reflect.DelegatingMethodAccessorImpl.invoke(DelegatingMethodAccessorImpl.java:43)
at java.base/java.lang.reflect.Method.invoke(Method.java:567)
at org.testng.internal.MethodInvocationHelper.invokeMethod(MethodInvocationHelper.java:124)
at org.testng.internal.Invoker.invokeMethod(Invoker.java:583)
at org.testng.internal.Invoker.invokeTestMethod(Invoker.java:719)
at org.testng.internal.Invoker.invokeTestMethods(Invoker.java:989)
at org.testng.internal.TestMethodWorker.invokeTestMethods(TestMethodWorker.java:125)
at org.testng.internal.TestMethodWorker.run(TestMethodWorker.java:109)
at org.testng.TestRunner.privateRun(TestRunner.java:648)
at org.testng.TestRunner.run(TestRunner.java:505)
at org.testng.SuiteRunner.runTest(SuiteRunner.java:455)
at org.testng.SuiteRunner.runSequentially(SuiteRunner.java:450)
at org.testng.SuiteRunner.privateRun(SuiteRunner.java:415)
at org.testng.SuiteRunner.run(SuiteRunner.java:364)
at org.testng.SuiteRunnerWorker.runSuite(SuiteRunnerWorker.java:52)
at org.testng.SuiteRunnerWorker.run(SuiteRunnerWorker.java:84)
at org.testng.TestNG.runSuitesSequentially(TestNG.java:1208)
at org.testng.TestNG.runSuitesLocally(TestNG.java:1137)
at org.testng.TestNG.runSuites(TestNG.java:1049)
at org.testng.TestNG.run(TestNG.java:1017)
at org.apache.maven.surefire.testng.TestNGExecutor.run(TestNGExecutor.java:283)
at org.apache.maven.surefire.testng.TestNGXmlTestSuite.execute(TestNGXmlTestSuite.java:75)
at org.apache.maven.surefire.testng.TestNGProvider.invoke(TestNGProvider.java:120)
at org.apache.maven.surefire.booter.ForkedBooter.invokeProviderInSameClassLoader(ForkedBooter.java:384)
at org.apache.maven.surefire.booter.ForkedBooter.runSuitesInProcess(ForkedBooter.java:345)
at org.apache.maven.surefire.booter.ForkedBooter.execute(ForkedBooter.java:126)
at org.apache.maven.surefire.booter.ForkedBooter.main(ForkedBooter.java:418)
]]>
            </full-stacktrace>
          </exception> <!-- java.lang.AssertionError -->
          <reporter-output>
          </reporter-output>
        </test-method> <!-- loginAsBankManager -->
        <test-method signature="loginAsCustomer(java.lang.String, java.lang.String)[pri:0, instance:testcases.BankLoginTest@5f2f577]" started-at="2020-05-05T11:08:21Z" name="loginAsCustomer" data-provider="getData" finished-at="2020-05-05T11:08:21Z" duration-ms="1" status="PASS">
          <params>
            <param index="0">
              <value>
                <![CDATA[ashish]]>
              </value>
            </param>
            <param index="1">
              <value>
                <![CDATA[jfnjwenf]]>
              </value>
            </param>
          </params>
          <reporter-output>
          </reporter-output>
        </test-method> <!-- loginAsCustomer -->
        <test-method signature="loginAsCustomer(java.lang.String, java.lang.String)[pri:0, instance:testcases.BankLoginTest@5f2f577]" started-at="2020-05-05T11:08:21Z" name="loginAsCustomer" data-provider="getData" finished-at="2020-05-05T11:08:21Z" duration-ms="0" status="PASS">
          <params>
            <param index="0">
              <value>
                <![CDATA[avasthi]]>
              </value>
            </param>
            <param index="1">
              <value>
                <![CDATA[dvkndjk]]>
              </value>
            </param>
          </params>
          <reporter-output>
          </reporter-output>
        </test-method> <!-- loginAsCustomer -->
        <test-method is-config="true" signature="tearDown()[pri:0, instance:testcases.BankLoginTest@5f2f577]" started-at="2020-05-05T11:08:22Z" name="tearDown" finished-at="2020-05-05T11:08:24Z" duration-ms="2152" status="PASS">
          <reporter-output>
          </reporter-output>
        </test-method> <!-- tearDown -->
      </class> <!-- testcases.BankLoginTest -->
    </test> <!-- RegressionTest -->
  </suite> <!-- Suite -->
</testng-results>
